{"/home/andreprado/AdvancedWeb/unitTestsInJs/index.js": {"path":"/home/andreprado/AdvancedWeb/unitTestsInJs/index.js","statementMap":{"0":{"start":{"line":1,"column":20},"end":{"line":1,"column":27}},"1":{"start":{"line":2,"column":20},"end":{"line":2,"column":27}},"2":{"start":{"line":5,"column":4},"end":{"line":10,"column":5}},"3":{"start":{"line":7,"column":12},"end":{"line":7,"column":32}},"4":{"start":{"line":9,"column":12},"end":{"line":9,"column":32}},"5":{"start":{"line":11,"column":4},"end":{"line":11,"column":13}},"6":{"start":{"line":15,"column":4},"end":{"line":15,"column":15}},"7":{"start":{"line":18,"column":19},"end":{"line":27,"column":1}},"8":{"start":{"line":30,"column":19},"end":{"line":30,"column":63}},"9":{"start":{"line":30,"column":47},"end":{"line":30,"column":62}},"10":{"start":{"line":31,"column":4},"end":{"line":31,"column":17}},"11":{"start":{"line":35,"column":19},"end":{"line":35,"column":36}},"12":{"start":{"line":36,"column":4},"end":{"line":36,"column":30}},"13":{"start":{"line":37,"column":18},"end":{"line":37,"column":35}},"14":{"start":{"line":38,"column":18},"end":{"line":47,"column":5}},"15":{"start":{"line":40,"column":8},"end":{"line":46,"column":9}},"16":{"start":{"line":41,"column":12},"end":{"line":41,"column":25}},"17":{"start":{"line":42,"column":12},"end":{"line":42,"column":24}},"18":{"start":{"line":44,"column":12},"end":{"line":44,"column":24}},"19":{"start":{"line":45,"column":12},"end":{"line":45,"column":24}},"20":{"start":{"line":49,"column":4},"end":{"line":53,"column":5}},"21":{"start":{"line":50,"column":8},"end":{"line":50,"column":19}},"22":{"start":{"line":52,"column":8},"end":{"line":52,"column":20}},"23":{"start":{"line":58,"column":22},"end":{"line":58,"column":69}},"24":{"start":{"line":58,"column":53},"end":{"line":58,"column":68}},"25":{"start":{"line":59,"column":19},"end":{"line":59,"column":50}},"26":{"start":{"line":60,"column":15},"end":{"line":60,"column":52}},"27":{"start":{"line":61,"column":4},"end":{"line":61,"column":117}},"28":{"start":{"line":62,"column":4},"end":{"line":62,"column":22}},"29":{"start":{"line":65,"column":0},"end":{"line":72,"column":1}}},"fnMap":{"0":{"name":"getAboutUsLink","decl":{"start":{"line":4,"column":10},"end":{"line":4,"column":24}},"loc":{"start":{"line":4,"column":34},"end":{"line":12,"column":1}},"line":4},"1":{"name":"soma","decl":{"start":{"line":14,"column":10},"end":{"line":14,"column":14}},"loc":{"start":{"line":14,"column":19},"end":{"line":16,"column":1}},"line":14},"2":{"name":"getUser","decl":{"start":{"line":29,"column":9},"end":{"line":29,"column":16}},"loc":{"start":{"line":29,"column":20},"end":{"line":32,"column":1}},"line":29},"3":{"name":"(anonymous_3)","decl":{"start":{"line":30,"column":37},"end":{"line":30,"column":38}},"loc":{"start":{"line":30,"column":47},"end":{"line":30,"column":62}},"line":30},"4":{"name":"setUser","decl":{"start":{"line":34,"column":9},"end":{"line":34,"column":16}},"loc":{"start":{"line":34,"column":27},"end":{"line":55,"column":1}},"line":34},"5":{"name":"(anonymous_5)","decl":{"start":{"line":38,"column":18},"end":{"line":38,"column":19}},"loc":{"start":{"line":38,"column":22},"end":{"line":47,"column":5}},"line":38},"6":{"name":"removeUser","decl":{"start":{"line":57,"column":9},"end":{"line":57,"column":19}},"loc":{"start":{"line":57,"column":23},"end":{"line":63,"column":1}},"line":57},"7":{"name":"(anonymous_7)","decl":{"start":{"line":58,"column":43},"end":{"line":58,"column":44}},"loc":{"start":{"line":58,"column":53},"end":{"line":58,"column":68}},"line":58}},"branchMap":{"0":{"loc":{"start":{"line":5,"column":4},"end":{"line":10,"column":5}},"type":"switch","locations":[{"start":{"line":6,"column":8},"end":{"line":7,"column":32}},{"start":{"line":8,"column":8},"end":{"line":9,"column":32}}],"line":5},"1":{"loc":{"start":{"line":40,"column":8},"end":{"line":46,"column":9}},"type":"if","locations":[{"start":{"line":40,"column":8},"end":{"line":46,"column":9}},{"start":{"line":43,"column":15},"end":{"line":46,"column":9}}],"line":40},"2":{"loc":{"start":{"line":49,"column":4},"end":{"line":53,"column":5}},"type":"if","locations":[{"start":{"line":49,"column":4},"end":{"line":53,"column":5}},{"start":{"line":51,"column":11},"end":{"line":53,"column":5}}],"line":49}},"s":{"0":1,"1":1,"2":1,"3":1,"4":0,"5":0,"6":1,"7":1,"8":1,"9":3,"10":1,"11":1,"12":1,"13":1,"14":1,"15":0,"16":0,"17":0,"18":0,"19":0,"20":1,"21":1,"22":0,"23":1,"24":1,"25":1,"26":1,"27":1,"28":1,"29":1},"f":{"0":1,"1":1,"2":1,"3":3,"4":1,"5":0,"6":1,"7":1},"b":{"0":[1,0],"1":[0,0],"2":[1,0]},"_coverageSchema":"1a1c01bbd47fc00a2c39e90264f33305004495a9","hash":"080856b4e86a475402e74a681afb9bfad09b4ae5"}
}
