TN:
SF:index.js
FN:4,getAboutUsLink
FN:14,soma
FN:29,getUser
FN:30,(anonymous_3)
FN:34,setUser
FN:38,(anonymous_5)
FN:57,removeUser
FN:58,(anonymous_7)
FNF:8
FNH:7
FNDA:1,getAboutUsLink
FNDA:1,soma
FNDA:1,getUser
FNDA:3,(anonymous_3)
FNDA:1,setUser
FNDA:0,(anonymous_5)
FNDA:1,removeUser
FNDA:1,(anonymous_7)
DA:1,1
DA:2,1
DA:5,1
DA:7,1
DA:9,0
DA:11,0
DA:15,1
DA:18,1
DA:30,3
DA:31,1
DA:35,1
DA:36,1
DA:37,1
DA:38,1
DA:40,0
DA:41,0
DA:42,0
DA:44,0
DA:45,0
DA:49,1
DA:50,1
DA:52,0
DA:58,1
DA:59,1
DA:60,1
DA:61,1
DA:62,1
DA:65,1
LF:28
LH:20
BRDA:5,0,0,1
BRDA:5,0,1,0
BRDA:40,1,0,0
BRDA:40,1,1,0
BRDA:49,2,0,1
BRDA:49,2,1,0
BRF:6
BRH:2
end_of_record
